[2025-03-18 19:28:06,574] INFO Registered kafka:type=kafka.Log4jController MBean (kafka.utils.Log4jControllerRegistration$)
[2025-03-18 19:28:08,167] INFO Setting -D jdk.tls.rejectClientInitiatedRenegotiation=true to disable client-initiated TLS renegotiation (org.apache.zookeeper.common.X509Util)
[2025-03-18 19:28:08,174] INFO RemoteLogManagerConfig values: 
	log.local.retention.bytes = -2
	log.local.retention.ms = -2
	remote.fetch.max.wait.ms = 500
	remote.log.index.file.cache.total.size.bytes = 1073741824
	remote.log.manager.copier.thread.pool.size = 10
	remote.log.manager.copy.max.bytes.per.second = 9223372036854775807
	remote.log.manager.copy.quota.window.num = 11
	remote.log.manager.copy.quota.window.size.seconds = 1
	remote.log.manager.expiration.thread.pool.size = 10
	remote.log.manager.fetch.max.bytes.per.second = 9223372036854775807
	remote.log.manager.fetch.quota.window.num = 11
	remote.log.manager.fetch.quota.window.size.seconds = 1
	remote.log.manager.task.interval.ms = 30000
	remote.log.manager.task.retry.backoff.max.ms = 30000
	remote.log.manager.task.retry.backoff.ms = 500
	remote.log.manager.task.retry.jitter = 0.2
	remote.log.manager.thread.pool.size = 10
	remote.log.metadata.custom.metadata.max.bytes = 128
	remote.log.metadata.manager.class.name = org.apache.kafka.server.log.remote.metadata.storage.TopicBasedRemoteLogMetadataManager
	remote.log.metadata.manager.class.path = null
	remote.log.metadata.manager.impl.prefix = rlmm.config.
	remote.log.metadata.manager.listener.name = null
	remote.log.reader.max.pending.tasks = 100
	remote.log.reader.threads = 10
	remote.log.storage.manager.class.name = null
	remote.log.storage.manager.class.path = null
	remote.log.storage.manager.impl.prefix = rsm.config.
	remote.log.storage.system.enable = false
 (org.apache.kafka.server.log.remote.storage.RemoteLogManagerConfig)
[2025-03-18 19:28:08,552] INFO Registered signal handlers for TERM, INT, HUP (org.apache.kafka.common.utils.LoggingSignalHandler)
[2025-03-18 19:28:08,555] INFO starting (kafka.server.KafkaServer)
[2025-03-18 19:28:08,556] INFO Connecting to zookeeper on localhost:2181 (kafka.server.KafkaServer)
[2025-03-18 19:28:08,611] INFO [ZooKeeperClient Kafka server] Initializing a new session to localhost:2181. (kafka.zookeeper.ZooKeeperClient)
[2025-03-18 19:28:08,641] INFO Client environment:zookeeper.version=3.8.4-9316c2a7a97e1666d8f4593f34dd6fc36ecc436c, built on 2024-02-12 22:16 UTC (org.apache.zookeeper.ZooKeeper)
[2025-03-18 19:28:08,641] INFO Client environment:host.name=alijahs-air.attlocal.net (org.apache.zookeeper.ZooKeeper)
[2025-03-18 19:28:08,641] INFO Client environment:java.version=11.0.26 (org.apache.zookeeper.ZooKeeper)
[2025-03-18 19:28:08,641] INFO Client environment:java.vendor=Homebrew (org.apache.zookeeper.ZooKeeper)
[2025-03-18 19:28:08,641] INFO Client environment:java.home=/usr/local/Cellar/openjdk@11/11.0.26/libexec/openjdk.jdk/Contents/Home (org.apache.zookeeper.ZooKeeper)
[2025-03-18 19:28:08,641] INFO Client environment:java.class.path=/Users/alijah/Projects/smart-store-aaroe/kafka/bin/../libs/activation-1.1.1.jar:/Users/alijah/Projects/smart-store-aaroe/kafka/bin/../libs/aopalliance-repackaged-2.6.1.jar:/Users/alijah/Projects/smart-store-aaroe/kafka/bin/../libs/argparse4j-0.7.0.jar:/Users/alijah/Projects/smart-store-aaroe/kafka/bin/../libs/audience-annotations-0.12.0.jar:/Users/alijah/Projects/smart-store-aaroe/kafka/bin/../libs/caffeine-2.9.3.jar:/Users/alijah/Projects/smart-store-aaroe/kafka/bin/../libs/checker-qual-3.19.0.jar:/Users/alijah/Projects/smart-store-aaroe/kafka/bin/../libs/commons-beanutils-1.9.4.jar:/Users/alijah/Projects/smart-store-aaroe/kafka/bin/../libs/commons-cli-1.4.jar:/Users/alijah/Projects/smart-store-aaroe/kafka/bin/../libs/commons-collections-3.2.2.jar:/Users/alijah/Projects/smart-store-aaroe/kafka/bin/../libs/commons-digester-2.1.jar:/Users/alijah/Projects/smart-store-aaroe/kafka/bin/../libs/commons-io-2.11.0.jar:/Users/alijah/Projects/smart-store-aaroe/kafka/bin/../libs/commons-lang3-3.12.0.jar:/Users/alijah/Projects/smart-store-aaroe/kafka/bin/../libs/commons-logging-1.2.jar:/Users/alijah/Projects/smart-store-aaroe/kafka/bin/../libs/commons-validator-1.7.jar:/Users/alijah/Projects/smart-store-aaroe/kafka/bin/../libs/connect-api-3.8.0.jar:/Users/alijah/Projects/smart-store-aaroe/kafka/bin/../libs/connect-basic-auth-extension-3.8.0.jar:/Users/alijah/Projects/smart-store-aaroe/kafka/bin/../libs/connect-json-3.8.0.jar:/Users/alijah/Projects/smart-store-aaroe/kafka/bin/../libs/connect-mirror-3.8.0.jar:/Users/alijah/Projects/smart-store-aaroe/kafka/bin/../libs/connect-mirror-client-3.8.0.jar:/Users/alijah/Projects/smart-store-aaroe/kafka/bin/../libs/connect-runtime-3.8.0.jar:/Users/alijah/Projects/smart-store-aaroe/kafka/bin/../libs/connect-transforms-3.8.0.jar:/Users/alijah/Projects/smart-store-aaroe/kafka/bin/../libs/error_prone_annotations-2.10.0.jar:/Users/alijah/Projects/smart-store-aaroe/kafka/bin/../libs/hk2-api-2.6.1.jar:/Users/alijah/Projects/smart-store-aaroe/kafka/bin/../libs/hk2-locator-2.6.1.jar:/Users/alijah/Projects/smart-store-aaroe/kafka/bin/../libs/hk2-utils-2.6.1.jar:/Users/alijah/Projects/smart-store-aaroe/kafka/bin/../libs/jackson-annotations-2.16.2.jar:/Users/alijah/Projects/smart-store-aaroe/kafka/bin/../libs/jackson-core-2.16.2.jar:/Users/alijah/Projects/smart-store-aaroe/kafka/bin/../libs/jackson-databind-2.16.2.jar:/Users/alijah/Projects/smart-store-aaroe/kafka/bin/../libs/jackson-dataformat-csv-2.16.2.jar:/Users/alijah/Projects/smart-store-aaroe/kafka/bin/../libs/jackson-datatype-jdk8-2.16.2.jar:/Users/alijah/Projects/smart-store-aaroe/kafka/bin/../libs/jackson-jaxrs-base-2.16.2.jar:/Users/alijah/Projects/smart-store-aaroe/kafka/bin/../libs/jackson-jaxrs-json-provider-2.16.2.jar:/Users/alijah/Projects/smart-store-aaroe/kafka/bin/../libs/jackson-module-afterburner-2.16.2.jar:/Users/alijah/Projects/smart-store-aaroe/kafka/bin/../libs/jackson-module-jaxb-annotations-2.16.2.jar:/Users/alijah/Projects/smart-store-aaroe/kafka/bin/../libs/jackson-module-scala_2.13-2.16.2.jar:/Users/alijah/Projects/smart-store-aaroe/kafka/bin/../libs/jakarta.activation-api-1.2.2.jar:/Users/alijah/Projects/smart-store-aaroe/kafka/bin/../libs/jakarta.annotation-api-1.3.5.jar:/Users/alijah/Projects/smart-store-aaroe/kafka/bin/../libs/jakarta.inject-2.6.1.jar:/Users/alijah/Projects/smart-store-aaroe/kafka/bin/../libs/jakarta.validation-api-2.0.2.jar:/Users/alijah/Projects/smart-store-aaroe/kafka/bin/../libs/jakarta.ws.rs-api-2.1.6.jar:/Users/alijah/Projects/smart-store-aaroe/kafka/bin/../libs/jakarta.xml.bind-api-2.3.3.jar:/Users/alijah/Projects/smart-store-aaroe/kafka/bin/../libs/javassist-3.29.2-GA.jar:/Users/alijah/Projects/smart-store-aaroe/kafka/bin/../libs/javax.activation-api-1.2.0.jar:/Users/alijah/Projects/smart-store-aaroe/kafka/bin/../libs/javax.annotation-api-1.3.2.jar:/Users/alijah/Projects/smart-store-aaroe/kafka/bin/../libs/javax.servlet-api-3.1.0.jar:/Users/alijah/Projects/smart-store-aaroe/kafka/bin/../libs/javax.ws.rs-api-2.1.1.jar:/Users/alijah/Projects/smart-store-aaroe/kafka/bin/../libs/jaxb-api-2.3.1.jar:/Users/alijah/Projects/smart-store-aaroe/kafka/bin/../libs/jersey-client-2.39.1.jar:/Users/alijah/Projects/smart-store-aaroe/kafka/bin/../libs/jersey-common-2.39.1.jar:/Users/alijah/Projects/smart-store-aaroe/kafka/bin/../libs/jersey-container-servlet-2.39.1.jar:/Users/alijah/Projects/smart-store-aaroe/kafka/bin/../libs/jersey-container-servlet-core-2.39.1.jar:/Users/alijah/Projects/smart-store-aaroe/kafka/bin/../libs/jersey-hk2-2.39.1.jar:/Users/alijah/Projects/smart-store-aaroe/kafka/bin/../libs/jersey-server-2.39.1.jar:/Users/alijah/Projects/smart-store-aaroe/kafka/bin/../libs/jetty-client-9.4.54.v20240208.jar:/Users/alijah/Projects/smart-store-aaroe/kafka/bin/../libs/jetty-continuation-9.4.54.v20240208.jar:/Users/alijah/Projects/smart-store-aaroe/kafka/bin/../libs/jetty-http-9.4.54.v20240208.jar:/Users/alijah/Projects/smart-store-aaroe/kafka/bin/../libs/jetty-io-9.4.54.v20240208.jar:/Users/alijah/Projects/smart-store-aaroe/kafka/bin/../libs/jetty-security-9.4.54.v20240208.jar:/Users/alijah/Projects/smart-store-aaroe/kafka/bin/../libs/jetty-server-9.4.54.v20240208.jar:/Users/alijah/Projects/smart-store-aaroe/kafka/bin/../libs/jetty-servlet-9.4.54.v20240208.jar:/Users/alijah/Projects/smart-store-aaroe/kafka/bin/../libs/jetty-servlets-9.4.54.v20240208.jar:/Users/alijah/Projects/smart-store-aaroe/kafka/bin/../libs/jetty-util-9.4.54.v20240208.jar:/Users/alijah/Projects/smart-store-aaroe/kafka/bin/../libs/jetty-util-ajax-9.4.54.v20240208.jar:/Users/alijah/Projects/smart-store-aaroe/kafka/bin/../libs/jline-3.25.1.jar:/Users/alijah/Projects/smart-store-aaroe/kafka/bin/../libs/jopt-simple-5.0.4.jar:/Users/alijah/Projects/smart-store-aaroe/kafka/bin/../libs/jose4j-0.9.4.jar:/Users/alijah/Projects/smart-store-aaroe/kafka/bin/../libs/jsr305-3.0.2.jar:/Users/alijah/Projects/smart-store-aaroe/kafka/bin/../libs/kafka-clients-3.8.0.jar:/Users/alijah/Projects/smart-store-aaroe/kafka/bin/../libs/kafka-group-coordinator-3.8.0.jar:/Users/alijah/Projects/smart-store-aaroe/kafka/bin/../libs/kafka-group-coordinator-api-3.8.0.jar:/Users/alijah/Projects/smart-store-aaroe/kafka/bin/../libs/kafka-log4j-appender-3.8.0.jar:/Users/alijah/Projects/smart-store-aaroe/kafka/bin/../libs/kafka-metadata-3.8.0.jar:/Users/alijah/Projects/smart-store-aaroe/kafka/bin/../libs/kafka-raft-3.8.0.jar:/Users/alijah/Projects/smart-store-aaroe/kafka/bin/../libs/kafka-server-3.8.0.jar:/Users/alijah/Projects/smart-store-aaroe/kafka/bin/../libs/kafka-server-common-3.8.0.jar:/Users/alijah/Projects/smart-store-aaroe/kafka/bin/../libs/kafka-shell-3.8.0.jar:/Users/alijah/Projects/smart-store-aaroe/kafka/bin/../libs/kafka-storage-3.8.0.jar:/Users/alijah/Projects/smart-store-aaroe/kafka/bin/../libs/kafka-storage-api-3.8.0.jar:/Users/alijah/Projects/smart-store-aaroe/kafka/bin/../libs/kafka-streams-3.8.0.jar:/Users/alijah/Projects/smart-store-aaroe/kafka/bin/../libs/kafka-streams-examples-3.8.0.jar:/Users/alijah/Projects/smart-store-aaroe/kafka/bin/../libs/kafka-streams-scala_2.13-3.8.0.jar:/Users/alijah/Projects/smart-store-aaroe/kafka/bin/../libs/kafka-streams-test-utils-3.8.0.jar:/Users/alijah/Projects/smart-store-aaroe/kafka/bin/../libs/kafka-tools-3.8.0.jar:/Users/alijah/Projects/smart-store-aaroe/kafka/bin/../libs/kafka-tools-api-3.8.0.jar:/Users/alijah/Projects/smart-store-aaroe/kafka/bin/../libs/kafka-transaction-coordinator-3.8.0.jar:/Users/alijah/Projects/smart-store-aaroe/kafka/bin/../libs/kafka_2.13-3.8.0.jar:/Users/alijah/Projects/smart-store-aaroe/kafka/bin/../libs/lz4-java-1.8.0.jar:/Users/alijah/Projects/smart-store-aaroe/kafka/bin/../libs/maven-artifact-3.9.6.jar:/Users/alijah/Projects/smart-store-aaroe/kafka/bin/../libs/metrics-core-2.2.0.jar:/Users/alijah/Projects/smart-store-aaroe/kafka/bin/../libs/metrics-core-4.1.12.1.jar:/Users/alijah/Projects/smart-store-aaroe/kafka/bin/../libs/netty-buffer-4.1.110.Final.jar:/Users/alijah/Projects/smart-store-aaroe/kafka/bin/../libs/netty-codec-4.1.110.Final.jar:/Users/alijah/Projects/smart-store-aaroe/kafka/bin/../libs/netty-common-4.1.110.Final.jar:/Users/alijah/Projects/smart-store-aaroe/kafka/bin/../libs/netty-handler-4.1.110.Final.jar:/Users/alijah/Projects/smart-store-aaroe/kafka/bin/../libs/netty-resolver-4.1.110.Final.jar:/Users/alijah/Projects/smart-store-aaroe/kafka/bin/../libs/netty-transport-4.1.110.Final.jar:/Users/alijah/Projects/smart-store-aaroe/kafka/bin/../libs/netty-transport-classes-epoll-4.1.110.Final.jar:/Users/alijah/Projects/smart-store-aaroe/kafka/bin/../libs/netty-transport-native-epoll-4.1.110.Final.jar:/Users/alijah/Projects/smart-store-aaroe/kafka/bin/../libs/netty-transport-native-unix-common-4.1.110.Final.jar:/Users/alijah/Projects/smart-store-aaroe/kafka/bin/../libs/opentelemetry-proto-1.0.0-alpha.jar:/Users/alijah/Projects/smart-store-aaroe/kafka/bin/../libs/osgi-resource-locator-1.0.3.jar:/Users/alijah/Projects/smart-store-aaroe/kafka/bin/../libs/paranamer-2.8.jar:/Users/alijah/Projects/smart-store-aaroe/kafka/bin/../libs/pcollections-4.0.1.jar:/Users/alijah/Projects/smart-store-aaroe/kafka/bin/../libs/plexus-utils-3.5.1.jar:/Users/alijah/Projects/smart-store-aaroe/kafka/bin/../libs/protobuf-java-3.23.4.jar:/Users/alijah/Projects/smart-store-aaroe/kafka/bin/../libs/reflections-0.10.2.jar:/Users/alijah/Projects/smart-store-aaroe/kafka/bin/../libs/reload4j-1.2.25.jar:/Users/alijah/Projects/smart-store-aaroe/kafka/bin/../libs/rocksdbjni-7.9.2.jar:/Users/alijah/Projects/smart-store-aaroe/kafka/bin/../libs/scala-collection-compat_2.13-2.10.0.jar:/Users/alijah/Projects/smart-store-aaroe/kafka/bin/../libs/scala-java8-compat_2.13-1.0.2.jar:/Users/alijah/Projects/smart-store-aaroe/kafka/bin/../libs/scala-library-2.13.14.jar:/Users/alijah/Projects/smart-store-aaroe/kafka/bin/../libs/scala-logging_2.13-3.9.4.jar:/Users/alijah/Projects/smart-store-aaroe/kafka/bin/../libs/scala-reflect-2.13.14.jar:/Users/alijah/Projects/smart-store-aaroe/kafka/bin/../libs/slf4j-api-1.7.36.jar:/Users/alijah/Projects/smart-store-aaroe/kafka/bin/../libs/slf4j-reload4j-1.7.36.jar:/Users/alijah/Projects/smart-store-aaroe/kafka/bin/../libs/snappy-java-1.1.10.5.jar:/Users/alijah/Projects/smart-store-aaroe/kafka/bin/../libs/swagger-annotations-2.2.8.jar:/Users/alijah/Projects/smart-store-aaroe/kafka/bin/../libs/trogdor-3.8.0.jar:/Users/alijah/Projects/smart-store-aaroe/kafka/bin/../libs/zookeeper-3.8.4.jar:/Users/alijah/Projects/smart-store-aaroe/kafka/bin/../libs/zookeeper-jute-3.8.4.jar:/Users/alijah/Projects/smart-store-aaroe/kafka/bin/../libs/zstd-jni-1.5.6-3.jar (org.apache.zookeeper.ZooKeeper)
[2025-03-18 19:28:08,642] INFO Client environment:java.library.path=/Users/alijah/Library/Java/Extensions:/Library/Java/Extensions:/Network/Library/Java/Extensions:/System/Library/Java/Extensions:/usr/lib/java:. (org.apache.zookeeper.ZooKeeper)
[2025-03-18 19:28:08,642] INFO Client environment:java.io.tmpdir=/var/folders/s3/7ffswnjs1mzd5j38l_4svlmm0000gn/T/ (org.apache.zookeeper.ZooKeeper)
[2025-03-18 19:28:08,643] INFO Client environment:java.compiler=<NA> (org.apache.zookeeper.ZooKeeper)
[2025-03-18 19:28:08,643] INFO Client environment:os.name=Mac OS X (org.apache.zookeeper.ZooKeeper)
[2025-03-18 19:28:08,643] INFO Client environment:os.arch=x86_64 (org.apache.zookeeper.ZooKeeper)
[2025-03-18 19:28:08,643] INFO Client environment:os.version=12.7.6 (org.apache.zookeeper.ZooKeeper)
[2025-03-18 19:28:08,643] INFO Client environment:user.name=alijah (org.apache.zookeeper.ZooKeeper)
[2025-03-18 19:28:08,643] INFO Client environment:user.home=/Users/alijah (org.apache.zookeeper.ZooKeeper)
[2025-03-18 19:28:08,643] INFO Client environment:user.dir=/Users/alijah/Projects/smart-store-aaroe (org.apache.zookeeper.ZooKeeper)
[2025-03-18 19:28:08,643] INFO Client environment:os.memory.free=1008MB (org.apache.zookeeper.ZooKeeper)
[2025-03-18 19:28:08,643] INFO Client environment:os.memory.max=1024MB (org.apache.zookeeper.ZooKeeper)
[2025-03-18 19:28:08,644] INFO Client environment:os.memory.total=1024MB (org.apache.zookeeper.ZooKeeper)
[2025-03-18 19:28:08,650] INFO Initiating client connection, connectString=localhost:2181 sessionTimeout=18000 watcher=kafka.zookeeper.ZooKeeperClient$ZooKeeperClientWatcher$@4dc8caa7 (org.apache.zookeeper.ZooKeeper)
[2025-03-18 19:28:08,668] INFO jute.maxbuffer value is 4194304 Bytes (org.apache.zookeeper.ClientCnxnSocket)
[2025-03-18 19:28:08,697] INFO zookeeper.request.timeout value is 0. feature enabled=false (org.apache.zookeeper.ClientCnxn)
[2025-03-18 19:28:08,701] INFO [ZooKeeperClient Kafka server] Waiting until connected. (kafka.zookeeper.ZooKeeperClient)
[2025-03-18 19:28:08,705] INFO Opening socket connection to server localhost/0:0:0:0:0:0:0:1:2181. (org.apache.zookeeper.ClientCnxn)
[2025-03-18 19:28:08,733] WARN Session 0x0 for server localhost/0:0:0:0:0:0:0:1:2181, Closing socket connection. Attempting reconnect except it is a SessionExpiredException. (org.apache.zookeeper.ClientCnxn)
java.net.ConnectException: Connection refused
	at java.base/sun.nio.ch.SocketChannelImpl.checkConnect(Native Method)
	at java.base/sun.nio.ch.SocketChannelImpl.finishConnect(SocketChannelImpl.java:777)
	at org.apache.zookeeper.ClientCnxnSocketNIO.doTransport(ClientCnxnSocketNIO.java:344)
	at org.apache.zookeeper.ClientCnxn$SendThread.run(ClientCnxn.java:1289)
[2025-03-18 19:28:09,852] INFO Opening socket connection to server localhost/0:0:0:0:0:0:0:1:2181. (org.apache.zookeeper.ClientCnxn)
[2025-03-18 19:28:09,854] WARN Session 0x0 for server localhost/0:0:0:0:0:0:0:1:2181, Closing socket connection. Attempting reconnect except it is a SessionExpiredException. (org.apache.zookeeper.ClientCnxn)
java.net.ConnectException: Connection refused
	at java.base/sun.nio.ch.SocketChannelImpl.checkConnect(Native Method)
	at java.base/sun.nio.ch.SocketChannelImpl.finishConnect(SocketChannelImpl.java:777)
	at org.apache.zookeeper.ClientCnxnSocketNIO.doTransport(ClientCnxnSocketNIO.java:344)
	at org.apache.zookeeper.ClientCnxn$SendThread.run(ClientCnxn.java:1289)
[2025-03-18 19:28:10,957] INFO Opening socket connection to server localhost/127.0.0.1:2181. (org.apache.zookeeper.ClientCnxn)
[2025-03-18 19:28:10,958] WARN Session 0x0 for server localhost/127.0.0.1:2181, Closing socket connection. Attempting reconnect except it is a SessionExpiredException. (org.apache.zookeeper.ClientCnxn)
java.net.ConnectException: Connection refused
	at java.base/sun.nio.ch.SocketChannelImpl.checkConnect(Native Method)
	at java.base/sun.nio.ch.SocketChannelImpl.finishConnect(SocketChannelImpl.java:777)
	at org.apache.zookeeper.ClientCnxnSocketNIO.doTransport(ClientCnxnSocketNIO.java:344)
	at org.apache.zookeeper.ClientCnxn$SendThread.run(ClientCnxn.java:1289)
[2025-03-18 19:28:12,061] INFO Opening socket connection to server localhost/127.0.0.1:2181. (org.apache.zookeeper.ClientCnxn)
[2025-03-18 19:28:12,062] WARN Session 0x0 for server localhost/127.0.0.1:2181, Closing socket connection. Attempting reconnect except it is a SessionExpiredException. (org.apache.zookeeper.ClientCnxn)
java.net.ConnectException: Connection refused
	at java.base/sun.nio.ch.SocketChannelImpl.checkConnect(Native Method)
	at java.base/sun.nio.ch.SocketChannelImpl.finishConnect(SocketChannelImpl.java:777)
	at org.apache.zookeeper.ClientCnxnSocketNIO.doTransport(ClientCnxnSocketNIO.java:344)
	at org.apache.zookeeper.ClientCnxn$SendThread.run(ClientCnxn.java:1289)
[2025-03-18 19:28:13,164] INFO Opening socket connection to server localhost/0:0:0:0:0:0:0:1:2181. (org.apache.zookeeper.ClientCnxn)
[2025-03-18 19:28:13,165] WARN Session 0x0 for server localhost/0:0:0:0:0:0:0:1:2181, Closing socket connection. Attempting reconnect except it is a SessionExpiredException. (org.apache.zookeeper.ClientCnxn)
java.net.ConnectException: Connection refused
	at java.base/sun.nio.ch.SocketChannelImpl.checkConnect(Native Method)
	at java.base/sun.nio.ch.SocketChannelImpl.finishConnect(SocketChannelImpl.java:777)
	at org.apache.zookeeper.ClientCnxnSocketNIO.doTransport(ClientCnxnSocketNIO.java:344)
	at org.apache.zookeeper.ClientCnxn$SendThread.run(ClientCnxn.java:1289)
[2025-03-18 19:28:14,268] INFO Opening socket connection to server localhost/127.0.0.1:2181. (org.apache.zookeeper.ClientCnxn)
[2025-03-18 19:28:14,270] WARN Session 0x0 for server localhost/127.0.0.1:2181, Closing socket connection. Attempting reconnect except it is a SessionExpiredException. (org.apache.zookeeper.ClientCnxn)
java.net.ConnectException: Connection refused
	at java.base/sun.nio.ch.SocketChannelImpl.checkConnect(Native Method)
	at java.base/sun.nio.ch.SocketChannelImpl.finishConnect(SocketChannelImpl.java:777)
	at org.apache.zookeeper.ClientCnxnSocketNIO.doTransport(ClientCnxnSocketNIO.java:344)
	at org.apache.zookeeper.ClientCnxn$SendThread.run(ClientCnxn.java:1289)
[2025-03-18 19:28:15,376] INFO Opening socket connection to server localhost/0:0:0:0:0:0:0:1:2181. (org.apache.zookeeper.ClientCnxn)
[2025-03-18 19:28:15,378] WARN Session 0x0 for server localhost/0:0:0:0:0:0:0:1:2181, Closing socket connection. Attempting reconnect except it is a SessionExpiredException. (org.apache.zookeeper.ClientCnxn)
java.net.ConnectException: Connection refused
	at java.base/sun.nio.ch.SocketChannelImpl.checkConnect(Native Method)
	at java.base/sun.nio.ch.SocketChannelImpl.finishConnect(SocketChannelImpl.java:777)
	at org.apache.zookeeper.ClientCnxnSocketNIO.doTransport(ClientCnxnSocketNIO.java:344)
	at org.apache.zookeeper.ClientCnxn$SendThread.run(ClientCnxn.java:1289)
[2025-03-18 19:28:16,483] INFO Opening socket connection to server localhost/127.0.0.1:2181. (org.apache.zookeeper.ClientCnxn)
[2025-03-18 19:28:16,484] WARN Session 0x0 for server localhost/127.0.0.1:2181, Closing socket connection. Attempting reconnect except it is a SessionExpiredException. (org.apache.zookeeper.ClientCnxn)
java.net.ConnectException: Connection refused
	at java.base/sun.nio.ch.SocketChannelImpl.checkConnect(Native Method)
	at java.base/sun.nio.ch.SocketChannelImpl.finishConnect(SocketChannelImpl.java:777)
	at org.apache.zookeeper.ClientCnxnSocketNIO.doTransport(ClientCnxnSocketNIO.java:344)
	at org.apache.zookeeper.ClientCnxn$SendThread.run(ClientCnxn.java:1289)
[2025-03-18 19:28:17,589] INFO Opening socket connection to server localhost/0:0:0:0:0:0:0:1:2181. (org.apache.zookeeper.ClientCnxn)
[2025-03-18 19:28:17,590] WARN Session 0x0 for server localhost/0:0:0:0:0:0:0:1:2181, Closing socket connection. Attempting reconnect except it is a SessionExpiredException. (org.apache.zookeeper.ClientCnxn)
java.net.ConnectException: Connection refused
	at java.base/sun.nio.ch.SocketChannelImpl.checkConnect(Native Method)
	at java.base/sun.nio.ch.SocketChannelImpl.finishConnect(SocketChannelImpl.java:777)
	at org.apache.zookeeper.ClientCnxnSocketNIO.doTransport(ClientCnxnSocketNIO.java:344)
	at org.apache.zookeeper.ClientCnxn$SendThread.run(ClientCnxn.java:1289)
[2025-03-18 19:28:18,695] INFO Opening socket connection to server localhost/0:0:0:0:0:0:0:1:2181. (org.apache.zookeeper.ClientCnxn)
[2025-03-18 19:28:18,696] WARN Session 0x0 for server localhost/0:0:0:0:0:0:0:1:2181, Closing socket connection. Attempting reconnect except it is a SessionExpiredException. (org.apache.zookeeper.ClientCnxn)
java.net.ConnectException: Connection refused
	at java.base/sun.nio.ch.SocketChannelImpl.checkConnect(Native Method)
	at java.base/sun.nio.ch.SocketChannelImpl.finishConnect(SocketChannelImpl.java:777)
	at org.apache.zookeeper.ClientCnxnSocketNIO.doTransport(ClientCnxnSocketNIO.java:344)
	at org.apache.zookeeper.ClientCnxn$SendThread.run(ClientCnxn.java:1289)
[2025-03-18 19:28:19,802] INFO Opening socket connection to server localhost/0:0:0:0:0:0:0:1:2181. (org.apache.zookeeper.ClientCnxn)
[2025-03-18 19:28:19,803] WARN Session 0x0 for server localhost/0:0:0:0:0:0:0:1:2181, Closing socket connection. Attempting reconnect except it is a SessionExpiredException. (org.apache.zookeeper.ClientCnxn)
java.net.ConnectException: Connection refused
	at java.base/sun.nio.ch.SocketChannelImpl.checkConnect(Native Method)
	at java.base/sun.nio.ch.SocketChannelImpl.finishConnect(SocketChannelImpl.java:777)
	at org.apache.zookeeper.ClientCnxnSocketNIO.doTransport(ClientCnxnSocketNIO.java:344)
	at org.apache.zookeeper.ClientCnxn$SendThread.run(ClientCnxn.java:1289)
[2025-03-18 19:28:20,905] INFO Opening socket connection to server localhost/127.0.0.1:2181. (org.apache.zookeeper.ClientCnxn)
[2025-03-18 19:28:20,907] WARN Session 0x0 for server localhost/127.0.0.1:2181, Closing socket connection. Attempting reconnect except it is a SessionExpiredException. (org.apache.zookeeper.ClientCnxn)
java.net.ConnectException: Connection refused
	at java.base/sun.nio.ch.SocketChannelImpl.checkConnect(Native Method)
	at java.base/sun.nio.ch.SocketChannelImpl.finishConnect(SocketChannelImpl.java:777)
	at org.apache.zookeeper.ClientCnxnSocketNIO.doTransport(ClientCnxnSocketNIO.java:344)
	at org.apache.zookeeper.ClientCnxn$SendThread.run(ClientCnxn.java:1289)
[2025-03-18 19:28:22,013] INFO Opening socket connection to server localhost/0:0:0:0:0:0:0:1:2181. (org.apache.zookeeper.ClientCnxn)
[2025-03-18 19:28:22,015] WARN Session 0x0 for server localhost/0:0:0:0:0:0:0:1:2181, Closing socket connection. Attempting reconnect except it is a SessionExpiredException. (org.apache.zookeeper.ClientCnxn)
java.net.ConnectException: Connection refused
	at java.base/sun.nio.ch.SocketChannelImpl.checkConnect(Native Method)
	at java.base/sun.nio.ch.SocketChannelImpl.finishConnect(SocketChannelImpl.java:777)
	at org.apache.zookeeper.ClientCnxnSocketNIO.doTransport(ClientCnxnSocketNIO.java:344)
	at org.apache.zookeeper.ClientCnxn$SendThread.run(ClientCnxn.java:1289)
[2025-03-18 19:28:23,118] INFO Opening socket connection to server localhost/0:0:0:0:0:0:0:1:2181. (org.apache.zookeeper.ClientCnxn)
[2025-03-18 19:28:23,119] WARN Session 0x0 for server localhost/0:0:0:0:0:0:0:1:2181, Closing socket connection. Attempting reconnect except it is a SessionExpiredException. (org.apache.zookeeper.ClientCnxn)
java.net.ConnectException: Connection refused
	at java.base/sun.nio.ch.SocketChannelImpl.checkConnect(Native Method)
	at java.base/sun.nio.ch.SocketChannelImpl.finishConnect(SocketChannelImpl.java:777)
	at org.apache.zookeeper.ClientCnxnSocketNIO.doTransport(ClientCnxnSocketNIO.java:344)
	at org.apache.zookeeper.ClientCnxn$SendThread.run(ClientCnxn.java:1289)
[2025-03-18 19:28:24,223] INFO Opening socket connection to server localhost/127.0.0.1:2181. (org.apache.zookeeper.ClientCnxn)
[2025-03-18 19:28:24,224] WARN Session 0x0 for server localhost/127.0.0.1:2181, Closing socket connection. Attempting reconnect except it is a SessionExpiredException. (org.apache.zookeeper.ClientCnxn)
java.net.ConnectException: Connection refused
	at java.base/sun.nio.ch.SocketChannelImpl.checkConnect(Native Method)
	at java.base/sun.nio.ch.SocketChannelImpl.finishConnect(SocketChannelImpl.java:777)
	at org.apache.zookeeper.ClientCnxnSocketNIO.doTransport(ClientCnxnSocketNIO.java:344)
	at org.apache.zookeeper.ClientCnxn$SendThread.run(ClientCnxn.java:1289)
[2025-03-18 19:28:25,328] INFO Opening socket connection to server localhost/127.0.0.1:2181. (org.apache.zookeeper.ClientCnxn)
[2025-03-18 19:28:25,329] WARN Session 0x0 for server localhost/127.0.0.1:2181, Closing socket connection. Attempting reconnect except it is a SessionExpiredException. (org.apache.zookeeper.ClientCnxn)
java.net.ConnectException: Connection refused
	at java.base/sun.nio.ch.SocketChannelImpl.checkConnect(Native Method)
	at java.base/sun.nio.ch.SocketChannelImpl.finishConnect(SocketChannelImpl.java:777)
	at org.apache.zookeeper.ClientCnxnSocketNIO.doTransport(ClientCnxnSocketNIO.java:344)
	at org.apache.zookeeper.ClientCnxn$SendThread.run(ClientCnxn.java:1289)
[2025-03-18 19:28:26,436] INFO Opening socket connection to server localhost/0:0:0:0:0:0:0:1:2181. (org.apache.zookeeper.ClientCnxn)
[2025-03-18 19:28:26,437] WARN Session 0x0 for server localhost/0:0:0:0:0:0:0:1:2181, Closing socket connection. Attempting reconnect except it is a SessionExpiredException. (org.apache.zookeeper.ClientCnxn)
java.net.ConnectException: Connection refused
	at java.base/sun.nio.ch.SocketChannelImpl.checkConnect(Native Method)
	at java.base/sun.nio.ch.SocketChannelImpl.finishConnect(SocketChannelImpl.java:777)
	at org.apache.zookeeper.ClientCnxnSocketNIO.doTransport(ClientCnxnSocketNIO.java:344)
	at org.apache.zookeeper.ClientCnxn$SendThread.run(ClientCnxn.java:1289)
[2025-03-18 19:28:26,714] INFO [ZooKeeperClient Kafka server] Closing. (kafka.zookeeper.ZooKeeperClient)
[2025-03-18 19:28:27,545] INFO Opening socket connection to server localhost/0:0:0:0:0:0:0:1:2181. (org.apache.zookeeper.ClientCnxn)
[2025-03-18 19:28:27,668] INFO Session: 0x0 closed (org.apache.zookeeper.ZooKeeper)
[2025-03-18 19:28:27,668] INFO EventThread shut down for session: 0x0 (org.apache.zookeeper.ClientCnxn)
[2025-03-18 19:28:27,672] INFO [ZooKeeperClient Kafka server] Closed. (kafka.zookeeper.ZooKeeperClient)
[2025-03-18 19:28:27,683] ERROR Fatal error during KafkaServer startup. Prepare to shutdown (kafka.server.KafkaServer)
kafka.zookeeper.ZooKeeperClientTimeoutException: Timed out waiting for connection while in state: CONNECTING
	at kafka.zookeeper.ZooKeeperClient.waitUntilConnected(ZooKeeperClient.scala:257)
	at kafka.zookeeper.ZooKeeperClient.<init>(ZooKeeperClient.scala:115)
	at kafka.zk.KafkaZkClient$.apply(KafkaZkClient.scala:2317)
	at kafka.zk.KafkaZkClient$.createZkClient(KafkaZkClient.scala:2407)
	at kafka.server.KafkaServer.initZkClient(KafkaServer.scala:742)
	at kafka.server.KafkaServer.startup(KafkaServer.scala:230)
	at kafka.Kafka$.main(Kafka.scala:112)
	at kafka.Kafka.main(Kafka.scala)
[2025-03-18 19:28:27,684] INFO shutting down (kafka.server.KafkaServer)
[2025-03-18 19:28:27,710] INFO App info kafka.server for 0 unregistered (org.apache.kafka.common.utils.AppInfoParser)
[2025-03-18 19:28:27,711] INFO shut down completed (kafka.server.KafkaServer)
[2025-03-18 19:28:27,711] ERROR Exiting Kafka due to fatal exception during startup. (kafka.Kafka$)
kafka.zookeeper.ZooKeeperClientTimeoutException: Timed out waiting for connection while in state: CONNECTING
	at kafka.zookeeper.ZooKeeperClient.waitUntilConnected(ZooKeeperClient.scala:257)
	at kafka.zookeeper.ZooKeeperClient.<init>(ZooKeeperClient.scala:115)
	at kafka.zk.KafkaZkClient$.apply(KafkaZkClient.scala:2317)
	at kafka.zk.KafkaZkClient$.createZkClient(KafkaZkClient.scala:2407)
	at kafka.server.KafkaServer.initZkClient(KafkaServer.scala:742)
	at kafka.server.KafkaServer.startup(KafkaServer.scala:230)
	at kafka.Kafka$.main(Kafka.scala:112)
	at kafka.Kafka.main(Kafka.scala)
[2025-03-18 19:28:27,712] INFO shutting down (kafka.server.KafkaServer)
